  field.cpp
C:\Users\Louis Proffit\OneDrive\Git\INF443\scenes\projet_planete\src\scenes\field.hpp(56,16): warning C4305: 'initializing': truncation from 'double' to 'float'
C:\Users\Louis Proffit\OneDrive\Git\INF443\scenes\projet_planete\src\scenes\field.hpp(58,25): warning C4305: 'initializing': truncation from 'double' to 'float'
C:\Users\Louis Proffit\OneDrive\Git\INF443\scenes\projet_planete\src\scenes\field.hpp(59,26): warning C4305: 'initializing': truncation from 'double' to 'float'
C:\Users\Louis Proffit\OneDrive\Git\INF443\scenes\projet_planete\src\scenes\field.hpp(60,32): warning C4305: 'initializing': truncation from 'double' to 'float'
C:\Users\Louis Proffit\OneDrive\Git\INF443\scenes\projet_planete\src\scenes\field.hpp(61,30): warning C4305: 'initializing': truncation from 'double' to 'float'
C:\Users\Louis Proffit\OneDrive\Git\INF443\scenes\projet_planete\src\scenes\field.hpp(70,54): warning C4305: 'initializing': truncation from 'double' to 'float'
C:\Users\Louis Proffit\OneDrive\Git\INF443\scenes\projet_planete\src\scenes\field.cpp(109,28): warning C4458: declaration of 'normal_shader' hides class member
C:\Users\Louis Proffit\OneDrive\Git\INF443\scenes\projet_planete\src\scene_helper.hpp(161,16): message : see declaration of 'scene_visual::normal_shader'
C:\Users\Louis Proffit\OneDrive\Git\INF443\scenes\projet_planete\src\scenes\field.cpp(148,28): warning C4458: declaration of 'normal_shader' hides class member
C:\Users\Louis Proffit\OneDrive\Git\INF443\scenes\projet_planete\src\scene_helper.hpp(161,16): message : see declaration of 'scene_visual::normal_shader'
C:\Users\Louis Proffit\OneDrive\Git\INF443\scenes\projet_planete\src\scenes\field.cpp(173,28): warning C4458: declaration of 'normal_shader' hides class member
C:\Users\Louis Proffit\OneDrive\Git\INF443\scenes\projet_planete\src\scene_helper.hpp(161,16): message : see declaration of 'scene_visual::normal_shader'
C:\Users\Louis Proffit\OneDrive\Git\INF443\scenes\projet_planete\src\scenes\field.cpp(175,42): warning C4305: '=': truncation from 'double' to 'float'
C:\Users\Louis Proffit\OneDrive\Git\INF443\scenes\projet_planete\src\scenes\field.cpp(346,23): warning C4305: 'initializing': truncation from 'double' to 'float'
C:\Users\Louis Proffit\OneDrive\Git\INF443\scenes\projet_planete\src\scenes\field.cpp(347,22): warning C4305: 'initializing': truncation from 'double' to 'float'
C:\Users\Louis Proffit\OneDrive\Git\INF443\scenes\projet_planete\src\scenes\field.cpp(369,46): warning C4458: declaration of 'clipPlane' hides class member
C:\Users\Louis Proffit\OneDrive\Git\INF443\scenes\projet_planete\src\scenes\field.hpp(93,7): message : see declaration of 'countryside::clipPlane'
C:\Users\Louis Proffit\OneDrive\Git\INF443\scenes\projet_planete\src\scenes\field.cpp(372,36): warning C4305: '+=': truncation from 'double' to 'float'
C:\Users\Louis Proffit\OneDrive\Git\INF443\scenes\projet_planete\src\scenes\field.cpp(419,38): warning C4458: declaration of 'clipPlane' hides class member
C:\Users\Louis Proffit\OneDrive\Git\INF443\scenes\projet_planete\src\scenes\field.hpp(93,7): message : see declaration of 'countryside::clipPlane'
C:\Users\Louis Proffit\OneDrive\Git\INF443\scenes\projet_planete\src\scenes\field.cpp(431,28): warning C4458: declaration of 'normal_shader' hides class member
C:\Users\Louis Proffit\OneDrive\Git\INF443\scenes\projet_planete\src\scene_helper.hpp(161,16): message : see declaration of 'scene_visual::normal_shader'
C:\Users\Louis Proffit\OneDrive\Git\INF443\scenes\projet_planete\src\scenes\field.cpp(432,25): warning C4458: declaration of 'sun_shader' hides class member
C:\Users\Louis Proffit\OneDrive\Git\INF443\scenes\projet_planete\src\scene_helper.hpp(162,16): message : see declaration of 'scene_visual::sun_shader'
C:\Users\Louis Proffit\OneDrive\Git\INF443\scenes\projet_planete\src\scenes\field.cpp(433,26): warning C4458: declaration of 'ebly_shader' hides class member
C:\Users\Louis Proffit\OneDrive\Git\INF443\scenes\projet_planete\src\scene_helper.hpp(169,16): message : see declaration of 'scene_visual::ebly_shader'
C:\Users\Louis Proffit\OneDrive\Git\INF443\scenes\projet_planete\src\scenes\field.cpp(503,23): warning C4305: 'initializing': truncation from 'double' to 'float'
C:\Users\Louis Proffit\OneDrive\Git\INF443\scenes\projet_planete\src\scenes\field.cpp(533,26): warning C4458: declaration of 'ebly_shader' hides class member
C:\Users\Louis Proffit\OneDrive\Git\INF443\scenes\projet_planete\src\scene_helper.hpp(169,16): message : see declaration of 'scene_visual::ebly_shader'
C:\Users\Louis Proffit\OneDrive\Git\INF443\library\vcl\display\drawable\mesh_drawable/mesh_drawable.hpp(51,56): warning C4100: 'scene': unreferenced formal parameter
C:\Users\Louis Proffit\OneDrive\Git\INF443\scenes\projet_planete\src\scenes\field.cpp(57): message : see reference to function template instantiation 'void vcl::draw<countryside*>(const vcl::mesh_drawable &,const SCENE &)' being compiled
          with
          [
              SCENE=countryside *
          ]
  projet_planete.vcxproj -> C:\Users\Louis Proffit\OneDrive\Git\INF443\scenes\projet_planete\build\RelWithDebInfo\projet_planete.exe
